Replace Part BIAS_ LM7332MA in C:\Users\Public\Documents\Altium\MICSA\AMP_Filtre.SchDoc with LM7332MA from NSC Amplifier.IntLib
Replace Part C1_dg LMK107B7105KA-T in C:\Users\Public\Documents\Altium\MICSA\AMP_Filtre.SchDoc with LMK107B7105KA-T from LMK107B7105K.SchLib
Replace Part C2_dg LMK107B7105KA-T in C:\Users\Public\Documents\Altium\MICSA\AMP_Filtre.SchDoc with LMK107B7105KA-T from LMK107B7105K.SchLib
Replace Part C_bi1 LMK107B7105KA-T in C:\Users\Public\Documents\Altium\MICSA\AMP_Filtre.SchDoc with LMK107B7105KA-T from LMK107B7105K.SchLib
Replace Part Cf1 C1206C106J8RACTU in C:\Users\Public\Documents\Altium\MICSA\AMP_Filtre.SchDoc with C1206C106J8RACTU from C1206C106J8RACTU.SchLib
Replace Part Cf2 C1206C106J8RACTU in C:\Users\Public\Documents\Altium\MICSA\AMP_Filtre.SchDoc with C1206C106J8RACTU from C1206C106J8RACTU.SchLib
Replace Part Cf3 C1206C106J8RACTU in C:\Users\Public\Documents\Altium\MICSA\AMP_Filtre.SchDoc with C1206C106J8RACTU from C1206C106J8RACTU.SchLib
Replace Part Cf4 C1206C106J8RACTU in C:\Users\Public\Documents\Altium\MICSA\AMP_Filtre.SchDoc with C1206C106J8RACTU from C1206C106J8RACTU.SchLib
Replace Part Cf5 C1206C106J8RACTU in C:\Users\Public\Documents\Altium\MICSA\AMP_Filtre.SchDoc with C1206C106J8RACTU from C1206C106J8RACTU.SchLib
Replace Part Cf6 C1206C106J8RACTU in C:\Users\Public\Documents\Altium\MICSA\AMP_Filtre.SchDoc with C1206C106J8RACTU from C1206C106J8RACTU.SchLib
Replace Part Cf7 C1206C106J8RACTU in C:\Users\Public\Documents\Altium\MICSA\AMP_Filtre.SchDoc with C1206C106J8RACTU from C1206C106J8RACTU.SchLib
Replace Part Cf8 C1206C106J8RACTU in C:\Users\Public\Documents\Altium\MICSA\AMP_Filtre.SchDoc with C1206C106J8RACTU from C1206C106J8RACTU.SchLib
Replace Part Cf9 C1206C106J8RACTU in C:\Users\Public\Documents\Altium\MICSA\AMP_Filtre.SchDoc with C1206C106J8RACTU from C1206C106J8RACTU.SchLib
Replace Part Cf10 C1206C106J8RACTU in C:\Users\Public\Documents\Altium\MICSA\AMP_Filtre.SchDoc with C1206C106J8RACTU from C1206C106J8RACTU.SchLib
Replace Part Cf11 C1206C106J8RACTU in C:\Users\Public\Documents\Altium\MICSA\AMP_Filtre.SchDoc with C1206C106J8RACTU from C1206C106J8RACTU.SchLib
Replace Part Cf12 C1206C106J8RACTU in C:\Users\Public\Documents\Altium\MICSA\AMP_Filtre.SchDoc with C1206C106J8RACTU from C1206C106J8RACTU.SchLib
Replace Part Driven_GND MCP6V31UT-E/LT in C:\Users\Public\Documents\Altium\MICSA\AMP_Filtre.SchDoc with MCP6V31UT-E/LT from Microchip Linear.IntLib
Replace Part OP1 INA118U/2K5 in C:\Users\Public\Documents\Altium\MICSA\AMP_Filtre.SchDoc with INA118U/2K5 from TI Amplifiers and Linear Instrumentation Amplifier.IntLib
Replace Part OP2 INA118U/2K5 in C:\Users\Public\Documents\Altium\MICSA\AMP_Filtre.SchDoc with INA118U/2K5 from TI Amplifiers and Linear Instrumentation Amplifier.IntLib
Replace Part OP3 INA118U/2K5 in C:\Users\Public\Documents\Altium\MICSA\AMP_Filtre.SchDoc with INA118U/2K5 from TI Amplifiers and Linear Instrumentation Amplifier.IntLib
Replace Part OP4 INA118U/2K5 in C:\Users\Public\Documents\Altium\MICSA\AMP_Filtre.SchDoc with INA118U/2K5 from TI Amplifiers and Linear Instrumentation Amplifier.IntLib
Replace Part R_bi1 RC1206FR-07100KL in C:\Users\Public\Documents\Altium\MICSA\AMP_Filtre.SchDoc with RC1206FR-07100KL from RC1206FR-07100KL.SchLib
Replace Part R_bi2 RC1206FR-07100KL in C:\Users\Public\Documents\Altium\MICSA\AMP_Filtre.SchDoc with RC1206FR-07100KL from RC1206FR-07100KL.SchLib
Replace Part R_bi3 RC1206FR-07330KL in C:\Users\Public\Documents\Altium\MICSA\AMP_Filtre.SchDoc with RC1206FR-07330KL from RC1206FR-07330KL.SchLib
Replace Part R_dg1 RC1206FR-07100KL in C:\Users\Public\Documents\Altium\MICSA\AMP_Filtre.SchDoc with RC1206FR-07100KL from RC1206FR-07100KL.SchLib
Replace Part R_dg2 RC1206FR-07100KL in C:\Users\Public\Documents\Altium\MICSA\AMP_Filtre.SchDoc with RC1206FR-07100KL from RC1206FR-07100KL.SchLib
Replace Part R_gnd3 RC1206FR-07330KL in C:\Users\Public\Documents\Altium\MICSA\AMP_Filtre.SchDoc with RC1206FR-07330KL from RC1206FR-07330KL.SchLib
Replace Part Rf1 RC1206FR-07390RL in C:\Users\Public\Documents\Altium\MICSA\AMP_Filtre.SchDoc with RC1206FR-07390RL from RC1206FR-07390RL.SchLib
Replace Part Rf2 RC1206FR-07390RL in C:\Users\Public\Documents\Altium\MICSA\AMP_Filtre.SchDoc with RC1206FR-07390RL from RC1206FR-07390RL.SchLib
Replace Part Rf3 RC1206FR-07390RL in C:\Users\Public\Documents\Altium\MICSA\AMP_Filtre.SchDoc with RC1206FR-07390RL from RC1206FR-07390RL.SchLib
Replace Part Rf4 RC1206FR-07390RL in C:\Users\Public\Documents\Altium\MICSA\AMP_Filtre.SchDoc with RC1206FR-07390RL from RC1206FR-07390RL.SchLib
Replace Part Rf5 RC1206FR-07390RL in C:\Users\Public\Documents\Altium\MICSA\AMP_Filtre.SchDoc with RC1206FR-07390RL from RC1206FR-07390RL.SchLib
Replace Part Rf6 RC1206FR-07390RL in C:\Users\Public\Documents\Altium\MICSA\AMP_Filtre.SchDoc with RC1206FR-07390RL from RC1206FR-07390RL.SchLib
Replace Part Rf7 RC1206FR-07390RL in C:\Users\Public\Documents\Altium\MICSA\AMP_Filtre.SchDoc with RC1206FR-07390RL from RC1206FR-07390RL.SchLib
Replace Part Rf8 RC1206FR-07390RL in C:\Users\Public\Documents\Altium\MICSA\AMP_Filtre.SchDoc with RC1206FR-07390RL from RC1206FR-07390RL.SchLib
Replace Part Rf9 RC1206FR-07390RL in C:\Users\Public\Documents\Altium\MICSA\AMP_Filtre.SchDoc with RC1206FR-07390RL from RC1206FR-07390RL.SchLib
Replace Part Rf10 RC1206FR-07390RL in C:\Users\Public\Documents\Altium\MICSA\AMP_Filtre.SchDoc with RC1206FR-07390RL from RC1206FR-07390RL.SchLib
Replace Part Rf11 RC1206FR-07390RL in C:\Users\Public\Documents\Altium\MICSA\AMP_Filtre.SchDoc with RC1206FR-07390RL from RC1206FR-07390RL.SchLib
Replace Part Rf12 RC1206FR-07390RL in C:\Users\Public\Documents\Altium\MICSA\AMP_Filtre.SchDoc with RC1206FR-07390RL from RC1206FR-07390RL.SchLib
Replace Part RG1 RT1206BRD075KL in C:\Users\Public\Documents\Altium\MICSA\AMP_Filtre.SchDoc with RT1206BRD075KL from RT1206BRD075KL.SchLib
Replace Part RG2 RT1206BRD075KL in C:\Users\Public\Documents\Altium\MICSA\AMP_Filtre.SchDoc with RT1206BRD075KL from RT1206BRD075KL.SchLib
Replace Part RG3 RT1206BRD075KL in C:\Users\Public\Documents\Altium\MICSA\AMP_Filtre.SchDoc with RT1206BRD075KL from RT1206BRD075KL.SchLib
Replace Part RG4 RT1206BRD075KL in C:\Users\Public\Documents\Altium\MICSA\AMP_Filtre.SchDoc with RT1206BRD075KL from RT1206BRD075KL.SchLib
Replace Part Static_Protection TPD4E1B06DCKR in C:\Users\Public\Documents\Altium\MICSA\AMP_Filtre.SchDoc with TPD4E1B06DCKR from TPD4E1B06DCKR.SchLib
