Added Component: Designator=ADC(QFP64P50_1200X1200X120L60X22N)
Add component. Clean all parameters for all variants
Add component (AddParameter): Name = "Availability"; Value = "Good"; VariantName = "[No Variations]"
Add component (AddParameter): Name = "MF"; Value = "Texas Instruments"; VariantName = "[No Variations]"
Add component (AddParameter): Name = "MP"; Value = "ADS1299-4PAG"; VariantName = "[No Variations]"
Add component (AddParameter): Name = "Package"; Value = "TQFP-64 Texas Instruments"; VariantName = "[No Variations]"
Add component (AddParameter): Name = "Price"; Value = "27.58 USD"; VariantName = "[No Variations]"
Add component (AddParameter): Name = "Value"; Value = ""; VariantName = "[No Variations]"
Added Component: Designator=ANTI_STAT1(SC70-6)
Add component. Clean all parameters for all variants
Add component (AddParameter): Name = "Availability"; Value = "Good"; VariantName = "[No Variations]"
Add component (AddParameter): Name = "MF"; Value = "Texas Instruments"; VariantName = "[No Variations]"
Add component (AddParameter): Name = "MP"; Value = "TPD4E1B06DCKR"; VariantName = "[No Variations]"
Add component (AddParameter): Name = "Package"; Value = "SC-70 Texas Instruments"; VariantName = "[No Variations]"
Add component (AddParameter): Name = "Price"; Value = "0.29 USD"; VariantName = "[No Variations]"
Add component (AddParameter): Name = "Value"; Value = ""; VariantName = "[No Variations]"
Added Component: Designator=ANTI_STAT2(SC70-6)
Add component. Clean all parameters for all variants
Add component (AddParameter): Name = "Availability"; Value = "Good"; VariantName = "[No Variations]"
Add component (AddParameter): Name = "MF"; Value = "Texas Instruments"; VariantName = "[No Variations]"
Add component (AddParameter): Name = "MP"; Value = "TPD4E1B06DCKR"; VariantName = "[No Variations]"
Add component (AddParameter): Name = "Package"; Value = "SC-70 Texas Instruments"; VariantName = "[No Variations]"
Add component (AddParameter): Name = "Price"; Value = "0.29 USD"; VariantName = "[No Variations]"
Add component (AddParameter): Name = "Value"; Value = ""; VariantName = "[No Variations]"
Added Component: Designator=C_FPFN(RESC3116X65X45LL15T20)
Add component. Clean all parameters for all variants
Add component (AddParameter): Name = "LatestRevisionDate"; Value = "17-Jul-2002"; VariantName = "[No Variations]"
Add component (AddParameter): Name = "LatestRevisionNote"; Value = "Re-released for DXP Platform."; VariantName = "[No Variations]"
Add component (AddParameter): Name = "PackageDescription"; Value = "Radial Cap, Thru-Hole; 2 Leads; 0.3 in Pin Spacing"; VariantName = "[No Variations]"
Add component (AddParameter): Name = "PackageReference"; Value = "RAD-0.3"; VariantName = "[No Variations]"
Add component (AddParameter): Name = "Published"; Value = "8-Jun-2000"; VariantName = "[No Variations]"
Add component (AddParameter): Name = "Publisher"; Value = "Altium Limited"; VariantName = "[No Variations]"
Add component (AddParameter): Name = "Value"; Value = "10uF"; VariantName = "[No Variations]"
Added Component: Designator=C_VCAP1(RESC3116X65X45LL15T20)
Add component. Clean all parameters for all variants
Add component (AddParameter): Name = "LatestRevisionDate"; Value = "17-Jul-2002"; VariantName = "[No Variations]"
Add component (AddParameter): Name = "LatestRevisionNote"; Value = "Re-released for DXP Platform."; VariantName = "[No Variations]"
Add component (AddParameter): Name = "PackageDescription"; Value = "Radial Cap, Thru-Hole; 2 Leads; 0.3 in Pin Spacing"; VariantName = "[No Variations]"
Add component (AddParameter): Name = "PackageReference"; Value = "RAD-0.3"; VariantName = "[No Variations]"
Add component (AddParameter): Name = "Published"; Value = "8-Jun-2000"; VariantName = "[No Variations]"
Add component (AddParameter): Name = "Publisher"; Value = "Altium Limited"; VariantName = "[No Variations]"
Add component (AddParameter): Name = "Value"; Value = "100uF"; VariantName = "[No Variations]"
Added Component: Designator=C_VCAP2(RESC3116X65X45LL15T20)
Add component. Clean all parameters for all variants
Add component (AddParameter): Name = "LatestRevisionDate"; Value = "17-Jul-2002"; VariantName = "[No Variations]"
Add component (AddParameter): Name = "LatestRevisionNote"; Value = "Re-released for DXP Platform."; VariantName = "[No Variations]"
Add component (AddParameter): Name = "PackageDescription"; Value = "Radial Cap, Thru-Hole; 2 Leads; 0.3 in Pin Spacing"; VariantName = "[No Variations]"
Add component (AddParameter): Name = "PackageReference"; Value = "RAD-0.3"; VariantName = "[No Variations]"
Add component (AddParameter): Name = "Published"; Value = "8-Jun-2000"; VariantName = "[No Variations]"
Add component (AddParameter): Name = "Publisher"; Value = "Altium Limited"; VariantName = "[No Variations]"
Add component (AddParameter): Name = "Value"; Value = "10uF"; VariantName = "[No Variations]"
Added Component: Designator=C_VCAP4(RESC3116X65X45LL15T20)
Add component. Clean all parameters for all variants
Add component (AddParameter): Name = "LatestRevisionDate"; Value = "17-Jul-2002"; VariantName = "[No Variations]"
Add component (AddParameter): Name = "LatestRevisionNote"; Value = "Re-released for DXP Platform."; VariantName = "[No Variations]"
Add component (AddParameter): Name = "PackageDescription"; Value = "Radial Cap, Thru-Hole; 2 Leads; 0.3 in Pin Spacing"; VariantName = "[No Variations]"
Add component (AddParameter): Name = "PackageReference"; Value = "RAD-0.3"; VariantName = "[No Variations]"
Add component (AddParameter): Name = "Published"; Value = "8-Jun-2000"; VariantName = "[No Variations]"
Add component (AddParameter): Name = "Publisher"; Value = "Altium Limited"; VariantName = "[No Variations]"
Add component (AddParameter): Name = "Value"; Value = "1uF"; VariantName = "[No Variations]"
Added Component: Designator=C_VCAP31(RESC3116X65X45LL15T20)
Add component. Clean all parameters for all variants
Add component (AddParameter): Name = "LatestRevisionDate"; Value = "17-Jul-2002"; VariantName = "[No Variations]"
Add component (AddParameter): Name = "LatestRevisionNote"; Value = "Re-released for DXP Platform."; VariantName = "[No Variations]"
Add component (AddParameter): Name = "PackageDescription"; Value = "Radial Cap, Thru-Hole; 2 Leads; 0.3 in Pin Spacing"; VariantName = "[No Variations]"
Add component (AddParameter): Name = "PackageReference"; Value = "RAD-0.3"; VariantName = "[No Variations]"
Add component (AddParameter): Name = "Published"; Value = "8-Jun-2000"; VariantName = "[No Variations]"
Add component (AddParameter): Name = "Publisher"; Value = "Altium Limited"; VariantName = "[No Variations]"
Add component (AddParameter): Name = "Value"; Value = "1uF"; VariantName = "[No Variations]"
Added Component: Designator=C_VCAP32(RESC3116X65X45LL15T20)
Add component. Clean all parameters for all variants
Add component (AddParameter): Name = "LatestRevisionDate"; Value = "17-Jul-2002"; VariantName = "[No Variations]"
Add component (AddParameter): Name = "LatestRevisionNote"; Value = "Re-released for DXP Platform."; VariantName = "[No Variations]"
Add component (AddParameter): Name = "PackageDescription"; Value = "Radial Cap, Thru-Hole; 2 Leads; 0.3 in Pin Spacing"; VariantName = "[No Variations]"
Add component (AddParameter): Name = "PackageReference"; Value = "RAD-0.3"; VariantName = "[No Variations]"
Add component (AddParameter): Name = "Published"; Value = "8-Jun-2000"; VariantName = "[No Variations]"
Add component (AddParameter): Name = "Publisher"; Value = "Altium Limited"; VariantName = "[No Variations]"
Add component (AddParameter): Name = "Value"; Value = "0.1uF"; VariantName = "[No Variations]"
Added Component: Designator=Cf0_2(RESC3116X65X45LL15T20)
Add component. Clean all parameters for all variants
Add component (AddParameter): Name = "LatestRevisionDate"; Value = "17-Jul-2002"; VariantName = "[No Variations]"
Add component (AddParameter): Name = "LatestRevisionNote"; Value = "Re-released for DXP Platform."; VariantName = "[No Variations]"
Add component (AddParameter): Name = "PackageDescription"; Value = "Radial Cap, Thru-Hole; 2 Leads; 0.3 in Pin Spacing"; VariantName = "[No Variations]"
Add component (AddParameter): Name = "PackageReference"; Value = "RAD-0.3"; VariantName = "[No Variations]"
Add component (AddParameter): Name = "Published"; Value = "8-Jun-2000"; VariantName = "[No Variations]"
Add component (AddParameter): Name = "Publisher"; Value = "Altium Limited"; VariantName = "[No Variations]"
Add component (AddParameter): Name = "Value"; Value = "10uF"; VariantName = "[No Variations]"
Added Component: Designator=Cf0(RESC3116X65X45LL15T20)
Add component. Clean all parameters for all variants
Add component (AddParameter): Name = "LatestRevisionDate"; Value = "17-Jul-2002"; VariantName = "[No Variations]"
Add component (AddParameter): Name = "LatestRevisionNote"; Value = "Re-released for DXP Platform."; VariantName = "[No Variations]"
Add component (AddParameter): Name = "PackageDescription"; Value = "Radial Cap, Thru-Hole; 2 Leads; 0.3 in Pin Spacing"; VariantName = "[No Variations]"
Add component (AddParameter): Name = "PackageReference"; Value = "RAD-0.3"; VariantName = "[No Variations]"
Add component (AddParameter): Name = "Published"; Value = "8-Jun-2000"; VariantName = "[No Variations]"
Add component (AddParameter): Name = "Publisher"; Value = "Altium Limited"; VariantName = "[No Variations]"
Add component (AddParameter): Name = "Value"; Value = "10uF"; VariantName = "[No Variations]"
Added Component: Designator=Cf1_2(RESC3116X65X45LL15T20)
Add component. Clean all parameters for all variants
Add component (AddParameter): Name = "LatestRevisionDate"; Value = "17-Jul-2002"; VariantName = "[No Variations]"
Add component (AddParameter): Name = "LatestRevisionNote"; Value = "Re-released for DXP Platform."; VariantName = "[No Variations]"
Add component (AddParameter): Name = "PackageDescription"; Value = "Radial Cap, Thru-Hole; 2 Leads; 0.3 in Pin Spacing"; VariantName = "[No Variations]"
Add component (AddParameter): Name = "PackageReference"; Value = "RAD-0.3"; VariantName = "[No Variations]"
Add component (AddParameter): Name = "Published"; Value = "8-Jun-2000"; VariantName = "[No Variations]"
Add component (AddParameter): Name = "Publisher"; Value = "Altium Limited"; VariantName = "[No Variations]"
Add component (AddParameter): Name = "Value"; Value = "10uF"; VariantName = "[No Variations]"
Added Component: Designator=Cf1(RESC3116X65X45LL15T20)
Add component. Clean all parameters for all variants
Add component (AddParameter): Name = "LatestRevisionDate"; Value = "17-Jul-2002"; VariantName = "[No Variations]"
Add component (AddParameter): Name = "LatestRevisionNote"; Value = "Re-released for DXP Platform."; VariantName = "[No Variations]"
Add component (AddParameter): Name = "PackageDescription"; Value = "Radial Cap, Thru-Hole; 2 Leads; 0.3 in Pin Spacing"; VariantName = "[No Variations]"
Add component (AddParameter): Name = "PackageReference"; Value = "RAD-0.3"; VariantName = "[No Variations]"
Add component (AddParameter): Name = "Published"; Value = "8-Jun-2000"; VariantName = "[No Variations]"
Add component (AddParameter): Name = "Publisher"; Value = "Altium Limited"; VariantName = "[No Variations]"
Add component (AddParameter): Name = "Value"; Value = "10uF"; VariantName = "[No Variations]"
Added Component: Designator=Cf2_2(RESC3116X65X45LL15T20)
Add component. Clean all parameters for all variants
Add component (AddParameter): Name = "LatestRevisionDate"; Value = "17-Jul-2002"; VariantName = "[No Variations]"
Add component (AddParameter): Name = "LatestRevisionNote"; Value = "Re-released for DXP Platform."; VariantName = "[No Variations]"
Add component (AddParameter): Name = "PackageDescription"; Value = "Radial Cap, Thru-Hole; 2 Leads; 0.3 in Pin Spacing"; VariantName = "[No Variations]"
Add component (AddParameter): Name = "PackageReference"; Value = "RAD-0.3"; VariantName = "[No Variations]"
Add component (AddParameter): Name = "Published"; Value = "8-Jun-2000"; VariantName = "[No Variations]"
Add component (AddParameter): Name = "Publisher"; Value = "Altium Limited"; VariantName = "[No Variations]"
Add component (AddParameter): Name = "Value"; Value = "10uF"; VariantName = "[No Variations]"
Added Component: Designator=Cf2(RESC3116X65X45LL15T20)
Add component. Clean all parameters for all variants
Add component (AddParameter): Name = "LatestRevisionDate"; Value = "17-Jul-2002"; VariantName = "[No Variations]"
Add component (AddParameter): Name = "LatestRevisionNote"; Value = "Re-released for DXP Platform."; VariantName = "[No Variations]"
Add component (AddParameter): Name = "PackageDescription"; Value = "Radial Cap, Thru-Hole; 2 Leads; 0.3 in Pin Spacing"; VariantName = "[No Variations]"
Add component (AddParameter): Name = "PackageReference"; Value = "RAD-0.3"; VariantName = "[No Variations]"
Add component (AddParameter): Name = "Published"; Value = "8-Jun-2000"; VariantName = "[No Variations]"
Add component (AddParameter): Name = "Publisher"; Value = "Altium Limited"; VariantName = "[No Variations]"
Add component (AddParameter): Name = "Value"; Value = "10uF"; VariantName = "[No Variations]"
Added Component: Designator=MCU(STM-WLCSP64+2)
Add component. Clean all parameters for all variants
Add component (AddParameter): Name = "ComponentLink1Description"; Value = "Manufacturer URL"; VariantName = "[No Variations]"
Add component (AddParameter): Name = "ComponentLink1URL"; Value = "http://www.st.com/web/en/home.html"; VariantName = "[No Variations]"
Add component (AddParameter): Name = "ComponentLink2Description"; Value = "Datasheet"; VariantName = "[No Variations]"
Add component (AddParameter): Name = "ComponentLink2URL"; Value = "http://www.st.com/st-web-ui/static/active/en/resource/technical/document/datasheet/CD00237391.pdf"; VariantName = "[No Variations]"
Add component (AddParameter): Name = "ComponentLink3Description"; Value = "Package Specification"; VariantName = "[No Variations]"
Add component (AddParameter): Name = "ComponentLink3URL"; Value = "http://www.st.com/st-web-ui/static/active/en/resource/technical/document/datasheet/CD00237391.pdf"; VariantName = "[No Variations]"
Add component (AddParameter): Name = "Core"; Value = "ARM Cortex-M3"; VariantName = "[No Variations]"
Add component (AddParameter): Name = "D/A Converter"; Value = "2x12-bit (2 Channel)"; VariantName = "[No Variations]"
Add component (AddParameter): Name = "DatasheetVersion"; Value = "Rev. 9"; VariantName = "[No Variations]"
Add component (AddParameter): Name = "FLASH Size (Prog) (kB)"; Value = "1024"; VariantName = "[No Variations]"
Add component (AddParameter): Name = "I/Os (High Current)"; Value = "51"; VariantName = "[No Variations]"
Add component (AddParameter): Name = "Internal RAM Size (kB)"; Value = "128"; VariantName = "[No Variations]"
Add component (AddParameter): Name = "Mounting Technology"; Value = "Surface Mount"; VariantName = "[No Variations]"
Add component (AddParameter): Name = "Operating Frequency(F) (Processor speed) (MHz)"; Value = "120"; VariantName = "[No Variations]"
Add component (AddParameter): Name = "PackageDescription"; Value = "64+2-Ball Wafer Level Chip Size package, 3.639 x 3.971 mm Body, 0.4 mm Pitch"; VariantName = "[No Variations]"
Add component (AddParameter): Name = "PackageReference"; Value = "WLCSP64+2"; VariantName = "[No Variations]"
Add component (AddParameter): Name = "PackageVersion"; Value = "Rev. 10, 10/2012"; VariantName = "[No Variations]"
Add component (AddParameter): Name = "Packing"; Value = "Tape and Reel"; VariantName = "[No Variations]"
Add component (AddParameter): Name = "PartNumber"; Value = "STM32F205RGY6TR"; VariantName = "[No Variations]"
Add component (AddParameter): Name = "Supplier 1"; Value = "Digi-Key"; VariantName = "[No Variations]"
Add component (AddParameter): Name = "Supplier 2"; Value = "Digi-Key"; VariantName = "[No Variations]"
Add component (AddParameter): Name = "Supplier 3"; Value = "Digi-Key"; VariantName = "[No Variations]"
Add component (AddParameter): Name = "Supplier 4"; Value = "Newark"; VariantName = "[No Variations]"
Add component (AddParameter): Name = "Supplier 5"; Value = "Newark"; VariantName = "[No Variations]"
Add component (AddParameter): Name = "Supplier Part Number 1"; Value = "497-13338-2-ND"; VariantName = "[No Variations]"
Add component (AddParameter): Name = "Supplier Part Number 2"; Value = "497-13338-1-ND"; VariantName = "[No Variations]"
Add component (AddParameter): Name = "Supplier Part Number 3"; Value = "497-13338-6-ND"; VariantName = "[No Variations]"
Add component (AddParameter): Name = "Supplier Part Number 4"; Value = "99W9826"; VariantName = "[No Variations]"
Add component (AddParameter): Name = "Supplier Part Number 5"; Value = "73T2317"; VariantName = "[No Variations]"
Add component (AddParameter): Name = "Supply Voltage(Vcc) min (V)"; Value = "1.8"; VariantName = "[No Variations]"
Added Component: Designator=OP1(TI-P8)
Add component. Clean all parameters for all variants
Add component (AddParameter): Name = "CMRR(Min)(dB)"; Value = "98"; VariantName = "[No Variations]"
Add component (AddParameter): Name = "Code_JEDEC"; Value = "MS-001"; VariantName = "[No Variations]"
Add component (AddParameter): Name = "ComponentLink1Description"; Value = "Manufacturer URL"; VariantName = "[No Variations]"
Add component (AddParameter): Name = "ComponentLink1URL"; Value = "http://www.ti.com/"; VariantName = "[No Variations]"
Add component (AddParameter): Name = "ComponentLink2Description"; Value = "Datasheet"; VariantName = "[No Variations]"
Add component (AddParameter): Name = "ComponentLink2URL"; Value = "http://www.ti.com/general/docs/lit/getliterature.tsp?genericPartNumber=INA118&fileType=pdf"; VariantName = "[No Variations]"
Add component (AddParameter): Name = "ComponentLink3Description"; Value = "Package Specification"; VariantName = "[No Variations]"
Add component (AddParameter): Name = "ComponentLink3URL"; Value = "http://www.ti.com/litv/pdf/mpdi001b"; VariantName = "[No Variations]"
Add component (AddParameter): Name = "DatasheetVersion"; Value = "SBOS027"; VariantName = "[No Variations]"
Add component (AddParameter): Name = "Eco-Plan"; Value = "Green (RoHS & no Sb/Br)"; VariantName = "[No Variations]"
Add component (AddParameter): Name = "Gain(V/V)"; Value = "1 to 10000"; VariantName = "[No Variations]"
Add component (AddParameter): Name = "Input Bias Current (+/-)(Max)(nA)"; Value = "10"; VariantName = "[No Variations]"
Add component (AddParameter): Name = "Input Offset (+/-)(Max)(uV)"; Value = "125"; VariantName = "[No Variations]"
Add component (AddParameter): Name = "Input Offset Drift (+/-)(Max)(uV/Degrees Celsius)"; Value = "1"; VariantName = "[No Variations]"
Add component (AddParameter): Name = "Manufacturer"; Value = "Texas Instruments"; VariantName = "[No Variations]"
Add component (AddParameter): Name = "Mounting Technology"; Value = "Through Hole"; VariantName = "[No Variations]"
Add component (AddParameter): Name = "Noise at 1kHz(Typ)(nV/rt(Hz))"; Value = "10"; VariantName = "[No Variations]"
Add component (AddParameter): Name = "Non-Linearity (+/-)(Max)(%)"; Value = "0.004"; VariantName = "[No Variations]"
Add component (AddParameter): Name = "Number of Channels"; Value = "1"; VariantName = "[No Variations]"
Add component (AddParameter): Name = "Output Offset (+/-)(Max)(uV)"; Value = "1000/G"; VariantName = "[No Variations]"
Add component (AddParameter): Name = "Output Offset Drift (+/-)(Max)(uV/Degrees Celsius)"; Value = "20/G"; VariantName = "[No Variations]"
Add component (AddParameter): Name = "PackageDescription"; Value = "8-Pin Plastic In-Line, Body 9.59 x 6.35 mm, Pitch 2.54 mm"; VariantName = "[No Variations]"
Add component (AddParameter): Name = "PackageReference"; Value = "P8"; VariantName = "[No Variations]"
Add component (AddParameter): Name = "PackageVersion"; Value = "4040082/E, 04/2010"; VariantName = "[No Variations]"
Add component (AddParameter): Name = "PartNumber"; Value = "INA118P"; VariantName = "[No Variations]"
Add component (AddParameter): Name = "Quiescent Current (+/-)(Typ)(mA)"; Value = "0.35"; VariantName = "[No Variations]"
Add component (AddParameter): Name = "SubFamily"; Value = "Single Supply"; VariantName = "[No Variations]"
Add component (AddParameter): Name = "Supplier 1"; Value = "Digi-Key"; VariantName = "[No Variations]"
Add component (AddParameter): Name = "Supplier 2"; Value = "Newark"; VariantName = "[No Variations]"
Add component (AddParameter): Name = "Supplier 3"; Value = "Mouser"; VariantName = "[No Variations]"
Add component (AddParameter): Name = "Supplier Part Number 1"; Value = "INA118P-ND"; VariantName = "[No Variations]"
Add component (AddParameter): Name = "Supplier Part Number 2"; Value = "96K4515"; VariantName = "[No Variations]"
Add component (AddParameter): Name = "Supplier Part Number 3"; Value = "595-INA118P"; VariantName = "[No Variations]"
Add component (AddParameter): Name = "Vs(Max)(V)"; Value = "36"; VariantName = "[No Variations]"
Add component (AddParameter): Name = "Vs(Min)(V)"; Value = "2.7"; VariantName = "[No Variations]"
Added Component: Designator=OP2(TI-P8)
Add component. Clean all parameters for all variants
Add component (AddParameter): Name = "CMRR(Min)(dB)"; Value = "98"; VariantName = "[No Variations]"
Add component (AddParameter): Name = "Code_JEDEC"; Value = "MS-001"; VariantName = "[No Variations]"
Add component (AddParameter): Name = "ComponentLink1Description"; Value = "Manufacturer URL"; VariantName = "[No Variations]"
Add component (AddParameter): Name = "ComponentLink1URL"; Value = "http://www.ti.com/"; VariantName = "[No Variations]"
Add component (AddParameter): Name = "ComponentLink2Description"; Value = "Datasheet"; VariantName = "[No Variations]"
Add component (AddParameter): Name = "ComponentLink2URL"; Value = "http://www.ti.com/general/docs/lit/getliterature.tsp?genericPartNumber=INA118&fileType=pdf"; VariantName = "[No Variations]"
Add component (AddParameter): Name = "ComponentLink3Description"; Value = "Package Specification"; VariantName = "[No Variations]"
Add component (AddParameter): Name = "ComponentLink3URL"; Value = "http://www.ti.com/litv/pdf/mpdi001b"; VariantName = "[No Variations]"
Add component (AddParameter): Name = "DatasheetVersion"; Value = "SBOS027"; VariantName = "[No Variations]"
Add component (AddParameter): Name = "Eco-Plan"; Value = "Green (RoHS & no Sb/Br)"; VariantName = "[No Variations]"
Add component (AddParameter): Name = "Gain(V/V)"; Value = "1 to 10000"; VariantName = "[No Variations]"
Add component (AddParameter): Name = "Input Bias Current (+/-)(Max)(nA)"; Value = "10"; VariantName = "[No Variations]"
Add component (AddParameter): Name = "Input Offset (+/-)(Max)(uV)"; Value = "125"; VariantName = "[No Variations]"
Add component (AddParameter): Name = "Input Offset Drift (+/-)(Max)(uV/Degrees Celsius)"; Value = "1"; VariantName = "[No Variations]"
Add component (AddParameter): Name = "Manufacturer"; Value = "Texas Instruments"; VariantName = "[No Variations]"
Add component (AddParameter): Name = "Mounting Technology"; Value = "Through Hole"; VariantName = "[No Variations]"
Add component (AddParameter): Name = "Noise at 1kHz(Typ)(nV/rt(Hz))"; Value = "10"; VariantName = "[No Variations]"
Add component (AddParameter): Name = "Non-Linearity (+/-)(Max)(%)"; Value = "0.004"; VariantName = "[No Variations]"
Add component (AddParameter): Name = "Number of Channels"; Value = "1"; VariantName = "[No Variations]"
Add component (AddParameter): Name = "Output Offset (+/-)(Max)(uV)"; Value = "1000/G"; VariantName = "[No Variations]"
Add component (AddParameter): Name = "Output Offset Drift (+/-)(Max)(uV/Degrees Celsius)"; Value = "20/G"; VariantName = "[No Variations]"
Add component (AddParameter): Name = "PackageDescription"; Value = "8-Pin Plastic In-Line, Body 9.59 x 6.35 mm, Pitch 2.54 mm"; VariantName = "[No Variations]"
Add component (AddParameter): Name = "PackageReference"; Value = "P8"; VariantName = "[No Variations]"
Add component (AddParameter): Name = "PackageVersion"; Value = "4040082/E, 04/2010"; VariantName = "[No Variations]"
Add component (AddParameter): Name = "PartNumber"; Value = "INA118P"; VariantName = "[No Variations]"
Add component (AddParameter): Name = "Quiescent Current (+/-)(Typ)(mA)"; Value = "0.35"; VariantName = "[No Variations]"
Add component (AddParameter): Name = "SubFamily"; Value = "Single Supply"; VariantName = "[No Variations]"
Add component (AddParameter): Name = "Supplier 1"; Value = "Digi-Key"; VariantName = "[No Variations]"
Add component (AddParameter): Name = "Supplier 2"; Value = "Newark"; VariantName = "[No Variations]"
Add component (AddParameter): Name = "Supplier 3"; Value = "Mouser"; VariantName = "[No Variations]"
Add component (AddParameter): Name = "Supplier Part Number 1"; Value = "INA118P-ND"; VariantName = "[No Variations]"
Add component (AddParameter): Name = "Supplier Part Number 2"; Value = "96K4515"; VariantName = "[No Variations]"
Add component (AddParameter): Name = "Supplier Part Number 3"; Value = "595-INA118P"; VariantName = "[No Variations]"
Add component (AddParameter): Name = "Vs(Max)(V)"; Value = "36"; VariantName = "[No Variations]"
Add component (AddParameter): Name = "Vs(Min)(V)"; Value = "2.7"; VariantName = "[No Variations]"
Added Component: Designator=OP3(TI-P8)
Add component. Clean all parameters for all variants
Add component (AddParameter): Name = "CMRR(Min)(dB)"; Value = "98"; VariantName = "[No Variations]"
Add component (AddParameter): Name = "Code_JEDEC"; Value = "MS-001"; VariantName = "[No Variations]"
Add component (AddParameter): Name = "ComponentLink1Description"; Value = "Manufacturer URL"; VariantName = "[No Variations]"
Add component (AddParameter): Name = "ComponentLink1URL"; Value = "http://www.ti.com/"; VariantName = "[No Variations]"
Add component (AddParameter): Name = "ComponentLink2Description"; Value = "Datasheet"; VariantName = "[No Variations]"
Add component (AddParameter): Name = "ComponentLink2URL"; Value = "http://www.ti.com/general/docs/lit/getliterature.tsp?genericPartNumber=INA118&fileType=pdf"; VariantName = "[No Variations]"
Add component (AddParameter): Name = "ComponentLink3Description"; Value = "Package Specification"; VariantName = "[No Variations]"
Add component (AddParameter): Name = "ComponentLink3URL"; Value = "http://www.ti.com/litv/pdf/mpdi001b"; VariantName = "[No Variations]"
Add component (AddParameter): Name = "DatasheetVersion"; Value = "SBOS027"; VariantName = "[No Variations]"
Add component (AddParameter): Name = "Eco-Plan"; Value = "Green (RoHS & no Sb/Br)"; VariantName = "[No Variations]"
Add component (AddParameter): Name = "Gain(V/V)"; Value = "1 to 10000"; VariantName = "[No Variations]"
Add component (AddParameter): Name = "Input Bias Current (+/-)(Max)(nA)"; Value = "10"; VariantName = "[No Variations]"
Add component (AddParameter): Name = "Input Offset (+/-)(Max)(uV)"; Value = "125"; VariantName = "[No Variations]"
Add component (AddParameter): Name = "Input Offset Drift (+/-)(Max)(uV/Degrees Celsius)"; Value = "1"; VariantName = "[No Variations]"
Add component (AddParameter): Name = "Manufacturer"; Value = "Texas Instruments"; VariantName = "[No Variations]"
Add component (AddParameter): Name = "Mounting Technology"; Value = "Through Hole"; VariantName = "[No Variations]"
Add component (AddParameter): Name = "Noise at 1kHz(Typ)(nV/rt(Hz))"; Value = "10"; VariantName = "[No Variations]"
Add component (AddParameter): Name = "Non-Linearity (+/-)(Max)(%)"; Value = "0.004"; VariantName = "[No Variations]"
Add component (AddParameter): Name = "Number of Channels"; Value = "1"; VariantName = "[No Variations]"
Add component (AddParameter): Name = "Output Offset (+/-)(Max)(uV)"; Value = "1000/G"; VariantName = "[No Variations]"
Add component (AddParameter): Name = "Output Offset Drift (+/-)(Max)(uV/Degrees Celsius)"; Value = "20/G"; VariantName = "[No Variations]"
Add component (AddParameter): Name = "PackageDescription"; Value = "8-Pin Plastic In-Line, Body 9.59 x 6.35 mm, Pitch 2.54 mm"; VariantName = "[No Variations]"
Add component (AddParameter): Name = "PackageReference"; Value = "P8"; VariantName = "[No Variations]"
Add component (AddParameter): Name = "PackageVersion"; Value = "4040082/E, 04/2010"; VariantName = "[No Variations]"
Add component (AddParameter): Name = "PartNumber"; Value = "INA118P"; VariantName = "[No Variations]"
Add component (AddParameter): Name = "Quiescent Current (+/-)(Typ)(mA)"; Value = "0.35"; VariantName = "[No Variations]"
Add component (AddParameter): Name = "SubFamily"; Value = "Single Supply"; VariantName = "[No Variations]"
Add component (AddParameter): Name = "Supplier 1"; Value = "Digi-Key"; VariantName = "[No Variations]"
Add component (AddParameter): Name = "Supplier 2"; Value = "Newark"; VariantName = "[No Variations]"
Add component (AddParameter): Name = "Supplier 3"; Value = "Mouser"; VariantName = "[No Variations]"
Add component (AddParameter): Name = "Supplier Part Number 1"; Value = "INA118P-ND"; VariantName = "[No Variations]"
Add component (AddParameter): Name = "Supplier Part Number 2"; Value = "96K4515"; VariantName = "[No Variations]"
Add component (AddParameter): Name = "Supplier Part Number 3"; Value = "595-INA118P"; VariantName = "[No Variations]"
Add component (AddParameter): Name = "Vs(Max)(V)"; Value = "36"; VariantName = "[No Variations]"
Add component (AddParameter): Name = "Vs(Min)(V)"; Value = "2.7"; VariantName = "[No Variations]"
Added Component: Designator=R1(RESC3116X65X45LL15T20)
Add component. Clean all parameters for all variants
Add component (AddParameter): Name = "LatestRevisionDate"; Value = "17-Jul-2002"; VariantName = "[No Variations]"
Add component (AddParameter): Name = "LatestRevisionNote"; Value = "Re-released for DXP Platform."; VariantName = "[No Variations]"
Add component (AddParameter): Name = "PackageDescription"; Value = "Axial Device, Thru-Hole; 2 Leads; 0.4 in Pin Spacing"; VariantName = "[No Variations]"
Add component (AddParameter): Name = "PackageReference"; Value = "AXIAL-0.4"; VariantName = "[No Variations]"
Add component (AddParameter): Name = "Published"; Value = "8-Jun-2000"; VariantName = "[No Variations]"
Add component (AddParameter): Name = "Publisher"; Value = "Altium Limited"; VariantName = "[No Variations]"
Add component (AddParameter): Name = "Value"; Value = "5K"; VariantName = "[No Variations]"
Added Component: Designator=R_GPIO(RESC3116X65X45LL15T20)
Add component. Clean all parameters for all variants
Add component (AddParameter): Name = "LatestRevisionDate"; Value = "17-Jul-2002"; VariantName = "[No Variations]"
Add component (AddParameter): Name = "LatestRevisionNote"; Value = "Re-released for DXP Platform."; VariantName = "[No Variations]"
Add component (AddParameter): Name = "PackageDescription"; Value = "Axial Device, Thru-Hole; 2 Leads; 0.4 in Pin Spacing"; VariantName = "[No Variations]"
Add component (AddParameter): Name = "PackageReference"; Value = "AXIAL-0.4"; VariantName = "[No Variations]"
Add component (AddParameter): Name = "Published"; Value = "8-Jun-2000"; VariantName = "[No Variations]"
Add component (AddParameter): Name = "Publisher"; Value = "Altium Limited"; VariantName = "[No Variations]"
Add component (AddParameter): Name = "Value"; Value = "330K"; VariantName = "[No Variations]"
Added Component: Designator=Rf0_2(RESC3116X65X45LL15T20)
Add component. Clean all parameters for all variants
Add component (AddParameter): Name = "LatestRevisionDate"; Value = "17-Jul-2002"; VariantName = "[No Variations]"
Add component (AddParameter): Name = "LatestRevisionNote"; Value = "Re-released for DXP Platform."; VariantName = "[No Variations]"
Add component (AddParameter): Name = "PackageDescription"; Value = "Axial Device, Thru-Hole; 2 Leads; 0.4 in Pin Spacing"; VariantName = "[No Variations]"
Add component (AddParameter): Name = "PackageReference"; Value = "AXIAL-0.4"; VariantName = "[No Variations]"
Add component (AddParameter): Name = "Published"; Value = "8-Jun-2000"; VariantName = "[No Variations]"
Add component (AddParameter): Name = "Publisher"; Value = "Altium Limited"; VariantName = "[No Variations]"
Add component (AddParameter): Name = "Value"; Value = "390"; VariantName = "[No Variations]"
Added Component: Designator=Rf0(RESC3116X65X45LL15T20)
Add component. Clean all parameters for all variants
Add component (AddParameter): Name = "LatestRevisionDate"; Value = "17-Jul-2002"; VariantName = "[No Variations]"
Add component (AddParameter): Name = "LatestRevisionNote"; Value = "Re-released for DXP Platform."; VariantName = "[No Variations]"
Add component (AddParameter): Name = "PackageDescription"; Value = "Axial Device, Thru-Hole; 2 Leads; 0.4 in Pin Spacing"; VariantName = "[No Variations]"
Add component (AddParameter): Name = "PackageReference"; Value = "AXIAL-0.4"; VariantName = "[No Variations]"
Add component (AddParameter): Name = "Published"; Value = "8-Jun-2000"; VariantName = "[No Variations]"
Add component (AddParameter): Name = "Publisher"; Value = "Altium Limited"; VariantName = "[No Variations]"
Add component (AddParameter): Name = "Value"; Value = "390"; VariantName = "[No Variations]"
Added Component: Designator=Rf1_2(RESC3116X65X45LL15T20)
Add component. Clean all parameters for all variants
Add component (AddParameter): Name = "LatestRevisionDate"; Value = "17-Jul-2002"; VariantName = "[No Variations]"
Add component (AddParameter): Name = "LatestRevisionNote"; Value = "Re-released for DXP Platform."; VariantName = "[No Variations]"
Add component (AddParameter): Name = "PackageDescription"; Value = "Axial Device, Thru-Hole; 2 Leads; 0.4 in Pin Spacing"; VariantName = "[No Variations]"
Add component (AddParameter): Name = "PackageReference"; Value = "AXIAL-0.4"; VariantName = "[No Variations]"
Add component (AddParameter): Name = "Published"; Value = "8-Jun-2000"; VariantName = "[No Variations]"
Add component (AddParameter): Name = "Publisher"; Value = "Altium Limited"; VariantName = "[No Variations]"
Add component (AddParameter): Name = "Value"; Value = "390"; VariantName = "[No Variations]"
Added Component: Designator=Rf1(RESC3116X65X45LL15T20)
Add component. Clean all parameters for all variants
Add component (AddParameter): Name = "LatestRevisionDate"; Value = "17-Jul-2002"; VariantName = "[No Variations]"
Add component (AddParameter): Name = "LatestRevisionNote"; Value = "Re-released for DXP Platform."; VariantName = "[No Variations]"
Add component (AddParameter): Name = "PackageDescription"; Value = "Axial Device, Thru-Hole; 2 Leads; 0.4 in Pin Spacing"; VariantName = "[No Variations]"
Add component (AddParameter): Name = "PackageReference"; Value = "AXIAL-0.4"; VariantName = "[No Variations]"
Add component (AddParameter): Name = "Published"; Value = "8-Jun-2000"; VariantName = "[No Variations]"
Add component (AddParameter): Name = "Publisher"; Value = "Altium Limited"; VariantName = "[No Variations]"
Add component (AddParameter): Name = "Value"; Value = "390"; VariantName = "[No Variations]"
Added Component: Designator=Rf2_2(RESC3116X65X45LL15T20)
Add component. Clean all parameters for all variants
Add component (AddParameter): Name = "LatestRevisionDate"; Value = "17-Jul-2002"; VariantName = "[No Variations]"
Add component (AddParameter): Name = "LatestRevisionNote"; Value = "Re-released for DXP Platform."; VariantName = "[No Variations]"
Add component (AddParameter): Name = "PackageDescription"; Value = "Axial Device, Thru-Hole; 2 Leads; 0.4 in Pin Spacing"; VariantName = "[No Variations]"
Add component (AddParameter): Name = "PackageReference"; Value = "AXIAL-0.4"; VariantName = "[No Variations]"
Add component (AddParameter): Name = "Published"; Value = "8-Jun-2000"; VariantName = "[No Variations]"
Add component (AddParameter): Name = "Publisher"; Value = "Altium Limited"; VariantName = "[No Variations]"
Add component (AddParameter): Name = "Value"; Value = "390"; VariantName = "[No Variations]"
Added Component: Designator=Rf2(RESC3116X65X45LL15T20)
Add component. Clean all parameters for all variants
Add component (AddParameter): Name = "LatestRevisionDate"; Value = "17-Jul-2002"; VariantName = "[No Variations]"
Add component (AddParameter): Name = "LatestRevisionNote"; Value = "Re-released for DXP Platform."; VariantName = "[No Variations]"
Add component (AddParameter): Name = "PackageDescription"; Value = "Axial Device, Thru-Hole; 2 Leads; 0.4 in Pin Spacing"; VariantName = "[No Variations]"
Add component (AddParameter): Name = "PackageReference"; Value = "AXIAL-0.4"; VariantName = "[No Variations]"
Add component (AddParameter): Name = "Published"; Value = "8-Jun-2000"; VariantName = "[No Variations]"
Add component (AddParameter): Name = "Publisher"; Value = "Altium Limited"; VariantName = "[No Variations]"
Add component (AddParameter): Name = "Value"; Value = "390"; VariantName = "[No Variations]"
Added Component: Designator=RG2(RESC3116X65X45LL15T20)
Add component. Clean all parameters for all variants
Add component (AddParameter): Name = "LatestRevisionDate"; Value = "17-Jul-2002"; VariantName = "[No Variations]"
Add component (AddParameter): Name = "LatestRevisionNote"; Value = "Re-released for DXP Platform."; VariantName = "[No Variations]"
Add component (AddParameter): Name = "PackageDescription"; Value = "Axial Device, Thru-Hole; 2 Leads; 0.4 in Pin Spacing"; VariantName = "[No Variations]"
Add component (AddParameter): Name = "PackageReference"; Value = "AXIAL-0.4"; VariantName = "[No Variations]"
Add component (AddParameter): Name = "Published"; Value = "8-Jun-2000"; VariantName = "[No Variations]"
Add component (AddParameter): Name = "Publisher"; Value = "Altium Limited"; VariantName = "[No Variations]"
Add component (AddParameter): Name = "Value"; Value = "5K"; VariantName = "[No Variations]"
Added Component: Designator=RG3(RESC3116X65X45LL15T20)
Add component. Clean all parameters for all variants
Add component (AddParameter): Name = "LatestRevisionDate"; Value = "17-Jul-2002"; VariantName = "[No Variations]"
Add component (AddParameter): Name = "LatestRevisionNote"; Value = "Re-released for DXP Platform."; VariantName = "[No Variations]"
Add component (AddParameter): Name = "PackageDescription"; Value = "Axial Device, Thru-Hole; 2 Leads; 0.4 in Pin Spacing"; VariantName = "[No Variations]"
Add component (AddParameter): Name = "PackageReference"; Value = "AXIAL-0.4"; VariantName = "[No Variations]"
Add component (AddParameter): Name = "Published"; Value = "8-Jun-2000"; VariantName = "[No Variations]"
Add component (AddParameter): Name = "Publisher"; Value = "Altium Limited"; VariantName = "[No Variations]"
Add component (AddParameter): Name = "Value"; Value = "5K"; VariantName = "[No Variations]"
Added Pin To Net: NetName=AGND Pin=ANTI_STAT1-3
Added Pin To Net: NetName=AGND Pin=ANTI_STAT1-5
Added Pin To Net: NetName=AGND Pin=ANTI_STAT2-3
Added Pin To Net: NetName=AGND Pin=ANTI_STAT2-4
Added Pin To Net: NetName=AGND Pin=ANTI_STAT2-5
Added Pin To Net: NetName=AGND Pin=Cf0-1
Added Pin To Net: NetName=AGND Pin=Cf0_2-1
Added Pin To Net: NetName=AGND Pin=Cf1-1
Added Pin To Net: NetName=AGND Pin=Cf1_2-1
Added Pin To Net: NetName=AGND Pin=Cf2-1
Added Pin To Net: NetName=AGND Pin=Cf2_2-1
Added Pin To Net: NetName=AGND Pin=OP1-5
Added Pin To Net: NetName=AGND Pin=OP2-5
Added Pin To Net: NetName=AGND Pin=OP3-5
Added Net: Name=AGND
Added Pin To Net: NetName=AVDD Pin=ADC-19
Added Pin To Net: NetName=AVDD Pin=ADC-21
Added Pin To Net: NetName=AVDD Pin=ADC-22
Added Pin To Net: NetName=AVDD Pin=ADC-54
Added Pin To Net: NetName=AVDD Pin=ADC-56
Added Pin To Net: NetName=AVDD Pin=ADC-59
Added Net: Name=AVDD
Added Pin To Net: NetName=AVSS Pin=ADC-20
Added Pin To Net: NetName=AVSS Pin=ADC-23
Added Pin To Net: NetName=AVSS Pin=ADC-25
Added Pin To Net: NetName=AVSS Pin=ADC-32
Added Pin To Net: NetName=AVSS Pin=ADC-53
Added Pin To Net: NetName=AVSS Pin=ADC-57
Added Pin To Net: NetName=AVSS Pin=ADC-58
Added Pin To Net: NetName=AVSS Pin=C_FPFN-2
Added Pin To Net: NetName=AVSS Pin=C_VCAP1-1
Added Pin To Net: NetName=AVSS Pin=C_VCAP2-1
Added Pin To Net: NetName=AVSS Pin=C_VCAP4-2
Added Pin To Net: NetName=AVSS Pin=C_VCAP31-1
Added Pin To Net: NetName=AVSS Pin=C_VCAP32-1
Added Net: Name=AVSS
Added Pin To Net: NetName=DVDD Pin=ADC-35
Added Pin To Net: NetName=DVDD Pin=ADC-48
Added Pin To Net: NetName=DVDD Pin=ADC-50
Added Net: Name=DVDD
Added Pin To Net: NetName=GNDA Pin=ADC-1
Added Pin To Net: NetName=GNDA Pin=ADC-2
Added Pin To Net: NetName=GNDA Pin=ADC-3
Added Pin To Net: NetName=GNDA Pin=ADC-4
Added Pin To Net: NetName=GNDA Pin=ADC-5
Added Pin To Net: NetName=GNDA Pin=ADC-6
Added Pin To Net: NetName=GNDA Pin=ADC-7
Added Pin To Net: NetName=GNDA Pin=ADC-8
Added Pin To Net: NetName=GNDA Pin=ADC-9
Added Pin To Net: NetName=GNDA Pin=ADC-10
Added Pin To Net: NetName=GNDA Pin=ADC-31
Added Pin To Net: NetName=GNDA Pin=ADC-33
Added Pin To Net: NetName=GNDA Pin=ADC-41
Added Pin To Net: NetName=GNDA Pin=ADC-49
Added Pin To Net: NetName=GNDA Pin=ADC-51
Added Pin To Net: NetName=GNDA Pin=R_GPIO-1
Added Net: Name=GNDA
Added Pin To Net: NetName=NetADC_12 Pin=ADC-12
Added Pin To Net: NetName=NetADC_12 Pin=Cf2_2-2
Added Pin To Net: NetName=NetADC_12 Pin=Rf2_2-1
Added Net: Name=NetADC_12
Added Pin To Net: NetName=NetADC_14 Pin=ADC-14
Added Pin To Net: NetName=NetADC_14 Pin=Cf1_2-2
Added Pin To Net: NetName=NetADC_14 Pin=Rf1_2-1
Added Net: Name=NetADC_14
Added Pin To Net: NetName=NetADC_16 Pin=ADC-16
Added Pin To Net: NetName=NetADC_16 Pin=Cf0_2-2
Added Pin To Net: NetName=NetADC_16 Pin=Rf0_2-1
Added Net: Name=NetADC_16
Added Pin To Net: NetName=NetADC_17 Pin=ADC-17
Added Pin To Net: NetName=NetADC_17 Pin=ANTI_STAT2-1
Added Pin To Net: NetName=NetADC_17 Pin=OP1-2
Added Pin To Net: NetName=NetADC_17 Pin=OP2-2
Added Pin To Net: NetName=NetADC_17 Pin=OP3-2
Added Net: Name=NetADC_17
Added Pin To Net: NetName=NetADC_24 Pin=ADC-24
Added Pin To Net: NetName=NetADC_24 Pin=C_FPFN-1
Added Net: Name=NetADC_24
Added Pin To Net: NetName=NetADC_26 Pin=ADC-26
Added Pin To Net: NetName=NetADC_26 Pin=C_VCAP4-1
Added Net: Name=NetADC_26
Added Pin To Net: NetName=NetADC_28 Pin=ADC-28
Added Pin To Net: NetName=NetADC_28 Pin=C_VCAP1-2
Added Net: Name=NetADC_28
Added Pin To Net: NetName=NetADC_30 Pin=ADC-30
Added Pin To Net: NetName=NetADC_30 Pin=C_VCAP2-2
Added Net: Name=NetADC_30
Added Pin To Net: NetName=NetADC_34 Pin=ADC-34
Added Net: Name=NetADC_34
Added Pin To Net: NetName=NetADC_36 Pin=ADC-36
Added Net: Name=NetADC_36
Added Pin To Net: NetName=NetADC_38 Pin=ADC-38
Added Net: Name=NetADC_38
Added Pin To Net: NetName=NetADC_39 Pin=ADC-39
Added Net: Name=NetADC_39
Added Pin To Net: NetName=NetADC_40 Pin=ADC-40
Added Net: Name=NetADC_40
Added Pin To Net: NetName=NetADC_42 Pin=ADC-42
Added Pin To Net: NetName=NetADC_42 Pin=ADC-44
Added Pin To Net: NetName=NetADC_42 Pin=ADC-45
Added Pin To Net: NetName=NetADC_42 Pin=ADC-46
Added Pin To Net: NetName=NetADC_42 Pin=R_GPIO-2
Added Net: Name=NetADC_42
Added Pin To Net: NetName=NetADC_47 Pin=ADC-47
Added Net: Name=NetADC_47
Added Pin To Net: NetName=NetADC_55 Pin=ADC-55
Added Pin To Net: NetName=NetADC_55 Pin=C_VCAP31-2
Added Pin To Net: NetName=NetADC_55 Pin=C_VCAP32-2
Added Net: Name=NetADC_55
Added Pin To Net: NetName=NetADC_63 Pin=ADC-63
Added Pin To Net: NetName=NetADC_63 Pin=ANTI_STAT2-2
Added Net: Name=NetADC_63
Added Pin To Net: NetName=NetANTI_STAT1_1 Pin=ANTI_STAT1-1
Added Pin To Net: NetName=NetANTI_STAT1_1 Pin=Rf0-2
Added Net: Name=NetANTI_STAT1_1
Added Pin To Net: NetName=NetANTI_STAT1_2 Pin=ANTI_STAT1-2
Added Pin To Net: NetName=NetANTI_STAT1_2 Pin=Rf1-2
Added Net: Name=NetANTI_STAT1_2
Added Pin To Net: NetName=NetANTI_STAT1_4 Pin=ANTI_STAT1-4
Added Pin To Net: NetName=NetANTI_STAT1_4 Pin=Rf2-2
Added Net: Name=NetANTI_STAT1_4
Added Pin To Net: NetName=NetCf0_2 Pin=Cf0-2
Added Pin To Net: NetName=NetCf0_2 Pin=OP1-3
Added Pin To Net: NetName=NetCf0_2 Pin=Rf0-1
Added Net: Name=NetCf0_2
Added Pin To Net: NetName=NetCf1_2 Pin=Cf1-2
Added Pin To Net: NetName=NetCf1_2 Pin=OP2-3
Added Pin To Net: NetName=NetCf1_2 Pin=Rf1-1
Added Net: Name=NetCf1_2
Added Pin To Net: NetName=NetCf2_2 Pin=Cf2-2
Added Pin To Net: NetName=NetCf2_2 Pin=OP3-3
Added Pin To Net: NetName=NetCf2_2 Pin=Rf2-1
Added Net: Name=NetCf2_2
Added Pin To Net: NetName=NetOP1_1 Pin=OP1-1
Added Pin To Net: NetName=NetOP1_1 Pin=R1-2
Added Net: Name=NetOP1_1
Added Pin To Net: NetName=NetOP1_6 Pin=OP1-6
Added Pin To Net: NetName=NetOP1_6 Pin=Rf0_2-2
Added Net: Name=NetOP1_6
Added Pin To Net: NetName=NetOP1_8 Pin=OP1-8
Added Pin To Net: NetName=NetOP1_8 Pin=R1-1
Added Net: Name=NetOP1_8
Added Pin To Net: NetName=NetOP2_1 Pin=OP2-1
Added Pin To Net: NetName=NetOP2_1 Pin=RG2-2
Added Net: Name=NetOP2_1
Added Pin To Net: NetName=NetOP2_6 Pin=OP2-6
Added Pin To Net: NetName=NetOP2_6 Pin=Rf1_2-2
Added Net: Name=NetOP2_6
Added Pin To Net: NetName=NetOP2_8 Pin=OP2-8
Added Pin To Net: NetName=NetOP2_8 Pin=RG2-1
Added Net: Name=NetOP2_8
Added Pin To Net: NetName=NetOP3_1 Pin=OP3-1
Added Pin To Net: NetName=NetOP3_1 Pin=RG3-2
Added Net: Name=NetOP3_1
Added Pin To Net: NetName=NetOP3_6 Pin=OP3-6
Added Pin To Net: NetName=NetOP3_6 Pin=Rf2_2-2
Added Net: Name=NetOP3_6
Added Pin To Net: NetName=NetOP3_8 Pin=OP3-8
Added Pin To Net: NetName=NetOP3_8 Pin=RG3-1
Added Net: Name=NetOP3_8
Added Pin To Net: NetName=VCC Pin=OP1-7
Added Pin To Net: NetName=VCC Pin=OP2-7
Added Pin To Net: NetName=VCC Pin=OP3-7
Added Net: Name=VCC
Added Pin To Net: NetName=VEE Pin=OP1-4
Added Pin To Net: NetName=VEE Pin=OP2-4
Added Pin To Net: NetName=VEE Pin=OP3-4
Added Net: Name=VEE
Added Class: Name=AMP_filtreV2
Added Class: Name=Main
Added Room: Name=AMP_filtreV2
Added Room: Name=Main
