Removed Pin From Net: NetName=NetMCU_J6 Pin=PC/PB-2
Removed Pin From Net: NetName=NetMCU_F8 Pin=PC/PB-3
Removed Pin From Net: NetName=NetMCU_J5 Pin=PC/PB-4
Removed Pin From Net: NetName=NetMCU_D7 Pin=PC/PB-5
Removed Pin From Net: NetName=NetMCU_J4 Pin=PC/PB-6
Removed Pin From Net: NetName=NetMCU_G8 Pin=PC/PB-7
Removed Pin From Net: NetName=NetMCU_A4 Pin=PC/PB-8
Removed Pin From Net: NetName=NetMCU_H4 Pin=PC/PB-9
Removed Pin From Net: NetName=NetMCU_B4 Pin=PC/PB-10
Removed Pin From Net: NetName=NetMCU_G3 Pin=PC/PB-11
Removed Pin From Net: NetName=NetMCU_A5 Pin=PC/PB-12
Removed Pin From Net: NetName=NetMCU_G2 Pin=PC/PB-13
Removed Pin From Net: NetName=NetMCU_B5 Pin=PC/PB-14
Removed Pin From Net: NetName=NetMCU_F2 Pin=PC/PB-15
Removed Pin From Net: NetName=NetMCU_A6 Pin=PC/PB-16
Removed Pin From Net: NetName=NetMCU_F3 Pin=PC/PB-17
Removed Pin From Net: NetName=NetMCU_B7 Pin=PC/PB-18
Removed Pin From Net: NetName=NetMCU_D1 Pin=PC/PB-19
Removed Pin From Net: NetName=NetMCU_A7 Pin=PC/PB-20
Removed Pin From Net: NetName=NetMCU_B3 Pin=PC/PB-21
Removed Pin From Net: NetName=NetMCU_H3 Pin=PC/PB-22
Removed Pin From Net: NetName=NetMCU_C3 Pin=PC/PB-23
Removed Pin From Net: NetName=NetMCU_J2 Pin=PC/PB-24
Removed Pin From Net: NetName=NetMCU_A3 Pin=PC/PB-25
Removed Pin From Net: NetName=NetMCU_J1 Pin=PC/PB-26
Removed Pin From Net: NetName=NetMCU_B8 Pin=PC/PB-27
Removed Pin From Net: NetName=NetMCU_H2 Pin=PC/PB-28
Removed Pin From Net: NetName=NetMCU_B9 Pin=PC/PB-29
Removed Pin From Net: NetName=NetMCU_H1 Pin=PC/PB-30
Removed Pin From Net: NetName=NetMCU_C9 Pin=PC/PB-31
Change Component Footprint: Designator=PC/PB Old Footprint=HDR2X16 New Footprint=HDR2X16_CEN
Change Component Comment : Designator=PC/PB Old Comment=Header 16X2 New Comment=Header 16X2A
Added Pin To Net: NetName=NetMCU_F8 Pin=PC/PB-2
Added Pin To Net: NetName=NetMCU_D7 Pin=PC/PB-3
Added Pin To Net: NetName=NetMCU_G8 Pin=PC/PB-4
Added Pin To Net: NetName=NetMCU_H4 Pin=PC/PB-5
Added Pin To Net: NetName=NetMCU_G3 Pin=PC/PB-6
Added Pin To Net: NetName=NetMCU_G2 Pin=PC/PB-7
Added Pin To Net: NetName=NetMCU_F2 Pin=PC/PB-8
Added Pin To Net: NetName=NetMCU_F3 Pin=PC/PB-9
Added Pin To Net: NetName=NetMCU_D1 Pin=PC/PB-10
Added Pin To Net: NetName=NetMCU_B3 Pin=PC/PB-11
Added Pin To Net: NetName=NetMCU_C3 Pin=PC/PB-12
Added Pin To Net: NetName=NetMCU_A3 Pin=PC/PB-13
Added Pin To Net: NetName=NetMCU_B8 Pin=PC/PB-14
Added Pin To Net: NetName=NetMCU_B9 Pin=PC/PB-15
Added Pin To Net: NetName=NetMCU_C9 Pin=PC/PB-16
Added Pin To Net: NetName=NetMCU_J6 Pin=PC/PB-17
Added Pin To Net: NetName=NetMCU_J5 Pin=PC/PB-18
Added Pin To Net: NetName=NetMCU_J4 Pin=PC/PB-19
Added Pin To Net: NetName=NetMCU_A4 Pin=PC/PB-20
Added Pin To Net: NetName=NetMCU_B4 Pin=PC/PB-21
Added Pin To Net: NetName=NetMCU_A5 Pin=PC/PB-22
Added Pin To Net: NetName=NetMCU_B5 Pin=PC/PB-23
Added Pin To Net: NetName=NetMCU_A6 Pin=PC/PB-24
Added Pin To Net: NetName=NetMCU_B7 Pin=PC/PB-25
Added Pin To Net: NetName=NetMCU_A7 Pin=PC/PB-26
Added Pin To Net: NetName=NetMCU_H3 Pin=PC/PB-27
Added Pin To Net: NetName=NetMCU_J2 Pin=PC/PB-28
Added Pin To Net: NetName=NetMCU_J1 Pin=PC/PB-29
Added Pin To Net: NetName=NetMCU_H2 Pin=PC/PB-30
Added Pin To Net: NetName=NetMCU_H1 Pin=PC/PB-31
