Removed Pin From Net: NetName=VCC Pin=POWER-1
Removed Pin From Net: NetName=VEE Pin=POWER-2
Removed Pin From Net: NetName=AVDD Pin=POWER-3
Removed Pin From Net: NetName=AVSS Pin=POWER-4
Removed Pin From Net: NetName=DVDD Pin=POWER-5
Removed Pin From Net: NetName=GNDA Pin=POWER-6
Removed Pin From Net: NetName=GNDA Pin=POWER-7
Added Component: Designator=POWER(HDR1X6)
Add component. Clean all parameters for all variants
Add component (AddParameter): Name = "LatestRevisionDate"; Value = "17-Jul-2002"; VariantName = "[No Variations]"
Add component (AddParameter): Name = "LatestRevisionNote"; Value = "Re-released for DXP Platform."; VariantName = "[No Variations]"
Add component (AddParameter): Name = "Publisher"; Value = "Altium Limited"; VariantName = "[No Variations]"
Added Pin To Net: NetName=VEE Pin=POWER-1
Added Pin To Net: NetName=VCC Pin=POWER-2
Added Pin To Net: NetName=AVDD Pin=POWER-3
Added Pin To Net: NetName=AVSS Pin=POWER-4
Added Pin To Net: NetName=GNDA Pin=POWER-5
Added Pin To Net: NetName=DVDD Pin=POWER-6
Added Room: Name=AMP_filtreV2
Added Room: Name=Main
