Added Pin To Net: NetName=GNDA Pin=ANTI_STAT1-3
Added Pin To Net: NetName=GNDA Pin=ANTI_STAT1-5
Added Pin To Net: NetName=GNDA Pin=ANTI_STAT2-3
Added Pin To Net: NetName=GNDA Pin=ANTI_STAT2-4
Added Pin To Net: NetName=GNDA Pin=ANTI_STAT2-5
Added Pin To Net: NetName=GNDA Pin=Cf0-1
Added Pin To Net: NetName=GNDA Pin=Cf00-2
Added Pin To Net: NetName=GNDA Pin=Cf0_2-1
Added Pin To Net: NetName=GNDA Pin=Cf1-1
Added Pin To Net: NetName=GNDA Pin=Cf1_2-1
Added Pin To Net: NetName=GNDA Pin=Cf2-1
Added Pin To Net: NetName=GNDA Pin=Cf2_2-1
Added Pin To Net: NetName=GNDA Pin=Cf11-2
Added Pin To Net: NetName=GNDA Pin=Cf22-2
Added Pin To Net: NetName=GNDA Pin=OP1-5
Added Pin To Net: NetName=GNDA Pin=OP2-5
Added Pin To Net: NetName=GNDA Pin=OP3-5
Added Pin To Net: NetName=GNDA Pin=POWER-6
Added Room: Name=AMP_filtreV2
Added Room: Name=Main
